<?xml version="1.0" encoding="UTF-8"?>
<testng-results ignored="0" total="1" passed="1" failed="0" skipped="0">
  <reporter-output>
  </reporter-output>
  <suite started-at="2022-05-30T15:36:20 IST" name="Default suite" finished-at="2022-05-30T15:36:44 IST" duration-ms="24422">
    <groups>
    </groups>
    <test started-at="2022-05-30T15:36:20 IST" name="Default test" finished-at="2022-05-30T15:36:44 IST" duration-ms="24422">
      <class name="com.vtiger.practice.CreateContactTest">
        <test-method signature="createContactTest()[pri:0, instance:com.vtiger.practice.CreateContactTest@1704f67f]" started-at="2022-05-30T15:36:20 IST" name="createContactTest" finished-at="2022-05-30T15:36:44 IST" duration-ms="24150" status="PASS">
          <reporter-output>
          </reporter-output>
        </test-method> <!-- createContactTest -->
      </class> <!-- com.vtiger.practice.CreateContactTest -->
    </test> <!-- Default test -->
  </suite> <!-- Default suite -->
</testng-results>
